---------------------------------------------------------------
[ 2019-04-05T03:55:16+08:00 ] 47.92.98.215 GET /
[ info ] koqawi.cn/ [运行时间：0.038132s][吞吐率：26.22req/s] [内存消耗：4,482.48kb] [文件加载：67]
[ info ] [ LANG ] /www/wwwroot/koqawi.cn/thinkphp/lang/zh-cn.php
[ info ] [ ROUTE ] array (
  'type' => 'module',
  'module' => 
  array (
    0 => '',
    1 => NULL,
    2 => NULL,
  ),
)
[ info ] [ HEADER ] array (
  'user-agent' => 'Mozilla/5.0 (X11; Ubuntu; Linux x86_64; rv:36.0) Gecko/20100101 Firefox/36.0',
  'host' => 'koqawi.cn',
  'accept' => 'text/html, image/gif, image/jpeg, *; q=.2, */*; q=.2',
  'connection' => 'keep-alive',
  'content-type' => '',
  'content-length' => '',
)
[ info ] [ PARAM ] array (
)
[ info ] [ DB ] INIT mysql
[ info ] [ RUN ] app\home\controller\Index->index[ /www/wwwroot/koqawi.cn/app/home/controller/Index.php ]
[ info ] [ VIEW ] ./views/home/mobile/index/index.phtml [ array (
  0 => 'controller',
  1 => 'action',
  2 => 'site',
  3 => 'member',
  4 => 'categories',
  5 => 'banners',
  6 => 'notices',
  7 => 'withdraws',
  8 => 'today_credit1',
  9 => 'today_credit2',
  10 => 'tasks',
  11 => 'pageCount',
) ]
[ info ] [ LOG ] INIT File
[ sql ] [ DB ] CONNECT:[ UseTime:0.000243s ] mysql:host=localhost;dbname=wl;charset=utf8
[ sql ] [ SQL ] SHOW COLUMNS FROM `tb_config` [ RunTime:0.000697s ]
[ sql ] [ SQL ] SELECT * FROM `tb_config` LIMIT 1 [ RunTime:0.000167s ]
[ sql ] [ SQL ] SHOW COLUMNS FROM `tb_task_category` [ RunTime:0.000441s ]
[ sql ] [ SQL ] SELECT * FROM `tb_task_category` ORDER BY order_by desc LIMIT 0,100 [ RunTime:0.000127s ]
[ sql ] [ SQL ] SELECT SUM((give_credit2-fee)/ticket_num) AS credit2,SUM(give_credit1/ticket_num) AS credit1 FROM tb_task WHERE is_complete=0 AND is_display=1 AND check_period*3600+create_time<1554407716 AND start_time<1554407716 AND end_time>1554407716 [ RunTime:0.000312s ]
[ sql ] [ SQL ] SHOW COLUMNS FROM `tb_banner` [ RunTime:0.000371s ]
[ sql ] [ SQL ] SELECT * FROM `tb_banner` WHERE  `is_display` = 1 ORDER BY order_by desc LIMIT 10 [ RunTime:0.000114s ]
[ sql ] [ SQL ] SHOW COLUMNS FROM `tb_notice` [ RunTime:0.000360s ]
[ sql ] [ SQL ] SELECT * FROM `tb_notice` WHERE  `is_display` = 1 ORDER BY order_by desc,id desc LIMIT 10 [ RunTime:0.000107s ]
[ sql ] [ SQL ] SHOW COLUMNS FROM `tb_withdraw` [ RunTime:0.000414s ]
[ sql ] [ SQL ] SELECT * FROM `tb_withdraw` WHERE  `status` = 1 ORDER BY id DESC LIMIT 0,10 [ RunTime:0.000114s ]
[ sql ] [ SQL ] SELECT * FROM tb_task WHERE is_complete=0 AND is_display=1 AND check_period_time<1554407716 AND start_time<1554407716 AND end_time>1554407716 ORDER BY top_end_time DESC, end_time ASC, id DESC LIMIT 0,15 [ RunTime:0.000447s ]
[ sql ] [ SQL ] SELECT COUNT(1) AS num FROM tb_task WHERE is_complete=0 AND is_display=1 AND check_period_time<1554407716 AND start_time<1554407716 AND end_time>1554407716 [ RunTime:0.000193s ]
---------------------------------------------------------------
[ 2019-04-05T04:17:48+08:00 ] 106.14.115.254 GET /
[ info ] www.koqawi.cn/ [运行时间：0.035911s][吞吐率：27.85req/s] [内存消耗：4,482.49kb] [文件加载：67]
[ info ] [ LANG ] /www/wwwroot/koqawi.cn/thinkphp/lang/zh-cn.php
[ info ] [ ROUTE ] array (
  'type' => 'module',
  'module' => 
  array (
    0 => '',
    1 => NULL,
    2 => NULL,
  ),
)
[ info ] [ HEADER ] array (
  'user-agent' => 'Mozilla/5.0 (X11; Ubuntu; Linux x86_64; rv:36.0) Gecko/20100101 Firefox/36.0',
  'host' => 'www.koqawi.cn',
  'accept' => 'text/html, image/gif, image/jpeg, *; q=.2, */*; q=.2',
  'connection' => 'keep-alive',
  'content-type' => '',
  'content-length' => '',
)
[ info ] [ PARAM ] array (
)
[ info ] [ DB ] INIT mysql
[ info ] [ RUN ] app\home\controller\Index->index[ /www/wwwroot/koqawi.cn/app/home/controller/Index.php ]
[ info ] [ VIEW ] ./views/home/mobile/index/index.phtml [ array (
  0 => 'controller',
  1 => 'action',
  2 => 'site',
  3 => 'member',
  4 => 'categories',
  5 => 'banners',
  6 => 'notices',
  7 => 'withdraws',
  8 => 'today_credit1',
  9 => 'today_credit2',
  10 => 'tasks',
  11 => 'pageCount',
) ]
[ info ] [ LOG ] INIT File
[ sql ] [ DB ] CONNECT:[ UseTime:0.000230s ] mysql:host=localhost;dbname=wl;charset=utf8
[ sql ] [ SQL ] SHOW COLUMNS FROM `tb_config` [ RunTime:0.000568s ]
[ sql ] [ SQL ] SELECT * FROM `tb_config` LIMIT 1 [ RunTime:0.000146s ]
[ sql ] [ SQL ] SHOW COLUMNS FROM `tb_task_category` [ RunTime:0.000417s ]
[ sql ] [ SQL ] SELECT * FROM `tb_task_category` ORDER BY order_by desc LIMIT 0,100 [ RunTime:0.000121s ]
[ sql ] [ SQL ] SELECT SUM((give_credit2-fee)/ticket_num) AS credit2,SUM(give_credit1/ticket_num) AS credit1 FROM tb_task WHERE is_complete=0 AND is_display=1 AND check_period*3600+create_time<1554409068 AND start_time<1554409068 AND end_time>1554409068 [ RunTime:0.000324s ]
[ sql ] [ SQL ] SHOW COLUMNS FROM `tb_banner` [ RunTime:0.000446s ]
[ sql ] [ SQL ] SELECT * FROM `tb_banner` WHERE  `is_display` = 1 ORDER BY order_by desc LIMIT 10 [ RunTime:0.000148s ]
[ sql ] [ SQL ] SHOW COLUMNS FROM `tb_notice` [ RunTime:0.000379s ]
[ sql ] [ SQL ] SELECT * FROM `tb_notice` WHERE  `is_display` = 1 ORDER BY order_by desc,id desc LIMIT 10 [ RunTime:0.000129s ]
[ sql ] [ SQL ] SHOW COLUMNS FROM `tb_withdraw` [ RunTime:0.000408s ]
[ sql ] [ SQL ] SELECT * FROM `tb_withdraw` WHERE  `status` = 1 ORDER BY id DESC LIMIT 0,10 [ RunTime:0.000118s ]
[ sql ] [ SQL ] SELECT * FROM tb_task WHERE is_complete=0 AND is_display=1 AND check_period_time<1554409068 AND start_time<1554409068 AND end_time>1554409068 ORDER BY top_end_time DESC, end_time ASC, id DESC LIMIT 0,15 [ RunTime:0.000396s ]
[ sql ] [ SQL ] SELECT COUNT(1) AS num FROM tb_task WHERE is_complete=0 AND is_display=1 AND check_period_time<1554409068 AND start_time<1554409068 AND end_time>1554409068 [ RunTime:0.000213s ]
---------------------------------------------------------------
[ 2019-04-05T19:42:25+08:00 ] 61.151.178.197 GET /
[ info ] koqawi.cn/ [运行时间：0.071914s][吞吐率：13.91req/s] [内存消耗：4,482.91kb] [文件加载：67]
[ info ] [ LANG ] /www/wwwroot/koqawi.cn/thinkphp/lang/zh-cn.php
[ info ] [ ROUTE ] array (
  'type' => 'module',
  'module' => 
  array (
    0 => '',
    1 => NULL,
    2 => NULL,
  ),
)
[ info ] [ HEADER ] array (
  'accept' => 'text/html,application/xhtml+xml,application/xml;q=0.9,*/*;q=0.8',
  'referer' => '',
  'user-agent' => 'Mozilla/5.0 (iPhone; CPU iPhone OS 8_4 like Mac OS X) AppleWebKit/600.1.4 (KHTML, like Gecko) Version/8.0 Mobile/12H143 Safari/600.1.4',
  'accept-encoding' => 'gzip, deflate',
  'accept-language' => 'en,*',
  'host' => 'koqawi.cn',
  'connection' => 'keep-alive',
  'content-type' => '',
  'content-length' => '',
)
[ info ] [ PARAM ] array (
)
[ info ] [ DB ] INIT mysql
[ info ] [ RUN ] app\home\controller\Index->index[ /www/wwwroot/koqawi.cn/app/home/controller/Index.php ]
[ info ] [ VIEW ] ./views/home/mobile/index/index.phtml [ array (
  0 => 'controller',
  1 => 'action',
  2 => 'site',
  3 => 'member',
  4 => 'categories',
  5 => 'banners',
  6 => 'notices',
  7 => 'withdraws',
  8 => 'today_credit1',
  9 => 'today_credit2',
  10 => 'tasks',
  11 => 'pageCount',
) ]
[ info ] [ LOG ] INIT File
[ sql ] [ DB ] CONNECT:[ UseTime:0.000284s ] mysql:host=localhost;dbname=wl;charset=utf8
[ sql ] [ SQL ] SHOW COLUMNS FROM `tb_config` [ RunTime:0.000629s ]
[ sql ] [ SQL ] SELECT * FROM `tb_config` LIMIT 1 [ RunTime:0.000182s ]
[ sql ] [ SQL ] SHOW COLUMNS FROM `tb_task_category` [ RunTime:0.000452s ]
[ sql ] [ SQL ] SELECT * FROM `tb_task_category` ORDER BY order_by desc LIMIT 0,100 [ RunTime:0.000117s ]
[ sql ] [ SQL ] SELECT SUM((give_credit2-fee)/ticket_num) AS credit2,SUM(give_credit1/ticket_num) AS credit1 FROM tb_task WHERE is_complete=0 AND is_display=1 AND check_period*3600+create_time<1554464545 AND start_time<1554464545 AND end_time>1554464545 [ RunTime:0.000353s ]
[ sql ] [ SQL ] SHOW COLUMNS FROM `tb_banner` [ RunTime:0.000462s ]
[ sql ] [ SQL ] SELECT * FROM `tb_banner` WHERE  `is_display` = 1 ORDER BY order_by desc LIMIT 10 [ RunTime:0.000127s ]
[ sql ] [ SQL ] SHOW COLUMNS FROM `tb_notice` [ RunTime:0.000383s ]
[ sql ] [ SQL ] SELECT * FROM `tb_notice` WHERE  `is_display` = 1 ORDER BY order_by desc,id desc LIMIT 10 [ RunTime:0.000124s ]
[ sql ] [ SQL ] SHOW COLUMNS FROM `tb_withdraw` [ RunTime:0.000446s ]
[ sql ] [ SQL ] SELECT * FROM `tb_withdraw` WHERE  `status` = 1 ORDER BY id DESC LIMIT 0,10 [ RunTime:0.000148s ]
[ sql ] [ SQL ] SELECT * FROM tb_task WHERE is_complete=0 AND is_display=1 AND check_period_time<1554464545 AND start_time<1554464545 AND end_time>1554464545 ORDER BY top_end_time DESC, end_time ASC, id DESC LIMIT 0,15 [ RunTime:0.000415s ]
[ sql ] [ SQL ] SELECT COUNT(1) AS num FROM tb_task WHERE is_complete=0 AND is_display=1 AND check_period_time<1554464545 AND start_time<1554464545 AND end_time>1554464545 [ RunTime:0.000189s ]
---------------------------------------------------------------
[ 2019-04-05T20:47:39+08:00 ] 101.91.62.11 GET /
[ info ] koqawi.cn/ [运行时间：0.038959s][吞吐率：25.67req/s] [内存消耗：4,482.70kb] [文件加载：67]
[ info ] [ LANG ] /www/wwwroot/koqawi.cn/thinkphp/lang/zh-cn.php
[ info ] [ ROUTE ] array (
  'type' => 'module',
  'module' => 
  array (
    0 => '',
    1 => NULL,
    2 => NULL,
  ),
)
[ info ] [ HEADER ] array (
  'host' => 'koqawi.cn',
  'accept-encoding' => 'deflate, gzip',
  'accept' => '*/*',
  'accept-language' => 'zh-cn',
  'user-agent' => 'Mozilla/5.0 (iPhone; CPU iPhone OS 9_3_4 like Mac OS X) AppleWebKit/601.1.46 (KHTML, like Gecko) Mobile/13G35 QQ/6.5.3.410 V1_IPH_SQ_6.5.3_1_APP_A Pixel/750 Core/UIWebView NetType/2G Mem/117',
  'connection' => 'Close',
  'content-type' => '',
  'content-length' => '',
)
[ info ] [ PARAM ] array (
)
[ info ] [ DB ] INIT mysql
[ info ] [ RUN ] app\home\controller\Index->index[ /www/wwwroot/koqawi.cn/app/home/controller/Index.php ]
[ info ] [ VIEW ] ./views/home/mobile/index/index.phtml [ array (
  0 => 'controller',
  1 => 'action',
  2 => 'site',
  3 => 'member',
  4 => 'categories',
  5 => 'banners',
  6 => 'notices',
  7 => 'withdraws',
  8 => 'today_credit1',
  9 => 'today_credit2',
  10 => 'tasks',
  11 => 'pageCount',
) ]
[ info ] [ LOG ] INIT File
[ sql ] [ DB ] CONNECT:[ UseTime:0.000227s ] mysql:host=localhost;dbname=wl;charset=utf8
[ sql ] [ SQL ] SHOW COLUMNS FROM `tb_config` [ RunTime:0.000577s ]
[ sql ] [ SQL ] SELECT * FROM `tb_config` LIMIT 1 [ RunTime:0.000146s ]
[ sql ] [ SQL ] SHOW COLUMNS FROM `tb_task_category` [ RunTime:0.000512s ]
[ sql ] [ SQL ] SELECT * FROM `tb_task_category` ORDER BY order_by desc LIMIT 0,100 [ RunTime:0.000119s ]
[ sql ] [ SQL ] SELECT SUM((give_credit2-fee)/ticket_num) AS credit2,SUM(give_credit1/ticket_num) AS credit1 FROM tb_task WHERE is_complete=0 AND is_display=1 AND check_period*3600+create_time<1554468459 AND start_time<1554468459 AND end_time>1554468459 [ RunTime:0.000345s ]
[ sql ] [ SQL ] SHOW COLUMNS FROM `tb_banner` [ RunTime:0.000410s ]
[ sql ] [ SQL ] SELECT * FROM `tb_banner` WHERE  `is_display` = 1 ORDER BY order_by desc LIMIT 10 [ RunTime:0.000117s ]
[ sql ] [ SQL ] SHOW COLUMNS FROM `tb_notice` [ RunTime:0.000388s ]
[ sql ] [ SQL ] SELECT * FROM `tb_notice` WHERE  `is_display` = 1 ORDER BY order_by desc,id desc LIMIT 10 [ RunTime:0.000112s ]
[ sql ] [ SQL ] SHOW COLUMNS FROM `tb_withdraw` [ RunTime:0.000402s ]
[ sql ] [ SQL ] SELECT * FROM `tb_withdraw` WHERE  `status` = 1 ORDER BY id DESC LIMIT 0,10 [ RunTime:0.000138s ]
[ sql ] [ SQL ] SELECT * FROM tb_task WHERE is_complete=0 AND is_display=1 AND check_period_time<1554468459 AND start_time<1554468459 AND end_time>1554468459 ORDER BY top_end_time DESC, end_time ASC, id DESC LIMIT 0,15 [ RunTime:0.000418s ]
[ sql ] [ SQL ] SELECT COUNT(1) AS num FROM tb_task WHERE is_complete=0 AND is_display=1 AND check_period_time<1554468459 AND start_time<1554468459 AND end_time>1554468459 [ RunTime:0.000190s ]
