---------------------------------------------------------------
[ 2019-04-14T08:11:52+08:00 ] 106.15.201.111 GET /
[ info ] koqawi.cn/ [运行时间：0.039925s][吞吐率：25.05req/s] [内存消耗：4,517.98kb] [文件加载：67]
[ info ] [ LANG ] /www/wwwroot/koqawi.cn/thinkphp/lang/zh-cn.php
[ info ] [ ROUTE ] array (
  'type' => 'module',
  'module' => 
  array (
    0 => '',
    1 => NULL,
    2 => NULL,
  ),
)
[ info ] [ HEADER ] array (
  'user-agent' => 'Mozilla/5.0 (X11; Ubuntu; Linux x86_64; rv:36.0) Gecko/20100101 Firefox/36.0',
  'host' => 'koqawi.cn',
  'accept' => 'text/html, image/gif, image/jpeg, *; q=.2, */*; q=.2',
  'connection' => 'keep-alive',
  'content-type' => '',
  'content-length' => '',
)
[ info ] [ PARAM ] array (
)
[ info ] [ DB ] INIT mysql
[ info ] [ RUN ] app\home\controller\Index->index[ /www/wwwroot/koqawi.cn/app/home/controller/Index.php ]
[ info ] [ VIEW ] ./views/home/mobile/index/index.phtml [ array (
  0 => 'controller',
  1 => 'action',
  2 => 'site',
  3 => 'member',
  4 => 'categories',
  5 => 'banners',
  6 => 'notices',
  7 => 'withdraws',
  8 => 'today_credit1',
  9 => 'today_credit2',
  10 => 'tasks',
  11 => 'pageCount',
) ]
[ info ] [ LOG ] INIT File
[ sql ] [ DB ] CONNECT:[ UseTime:0.000273s ] mysql:host=localhost;dbname=wl;charset=utf8
[ sql ] [ SQL ] SHOW COLUMNS FROM `tb_config` [ RunTime:0.000642s ]
[ sql ] [ SQL ] SELECT * FROM `tb_config` LIMIT 1 [ RunTime:0.000136s ]
[ sql ] [ SQL ] SHOW COLUMNS FROM `tb_task_category` [ RunTime:0.000437s ]
[ sql ] [ SQL ] SELECT * FROM `tb_task_category` ORDER BY order_by desc LIMIT 0,100 [ RunTime:0.000115s ]
[ sql ] [ SQL ] SELECT SUM((give_credit2-fee)/ticket_num) AS credit2,SUM(give_credit1/ticket_num) AS credit1 FROM tb_task WHERE is_complete=0 AND is_display=1 AND check_period*3600+create_time<1555200712 AND start_time<1555200712 AND end_time>1555200712 [ RunTime:0.000369s ]
[ sql ] [ SQL ] SHOW COLUMNS FROM `tb_banner` [ RunTime:0.000390s ]
[ sql ] [ SQL ] SELECT * FROM `tb_banner` WHERE  `is_display` = 1 ORDER BY order_by desc LIMIT 10 [ RunTime:0.000151s ]
[ sql ] [ SQL ] SHOW COLUMNS FROM `tb_notice` [ RunTime:0.000364s ]
[ sql ] [ SQL ] SELECT * FROM `tb_notice` WHERE  `is_display` = 1 ORDER BY order_by desc,id desc LIMIT 10 [ RunTime:0.000161s ]
[ sql ] [ SQL ] SHOW COLUMNS FROM `tb_withdraw` [ RunTime:0.000437s ]
[ sql ] [ SQL ] SELECT * FROM `tb_withdraw` WHERE  `status` = 1 ORDER BY id DESC LIMIT 0,10 [ RunTime:0.000146s ]
[ sql ] [ SQL ] SELECT * FROM tb_task WHERE is_complete=0 AND is_display=1 AND check_period_time<1555200712 AND start_time<1555200712 AND end_time>1555200712 ORDER BY top_end_time DESC, end_time ASC, id DESC LIMIT 0,15 [ RunTime:0.000400s ]
[ sql ] [ SQL ] SHOW COLUMNS FROM `tb_member` [ RunTime:0.000475s ]
[ sql ] [ SQL ] SELECT `avatar` FROM `tb_member` WHERE  (  uid = 175 ) LIMIT 1 [ RunTime:0.000111s ]
[ sql ] [ SQL ] SELECT `avatar` FROM `tb_member` WHERE  (  uid = 165 ) LIMIT 1 [ RunTime:0.000091s ]
[ sql ] [ SQL ] SELECT `avatar` FROM `tb_member` WHERE  (  uid = 123 ) LIMIT 1 [ RunTime:0.000104s ]
[ sql ] [ SQL ] SELECT `avatar` FROM `tb_member` WHERE  (  uid = 103 ) LIMIT 1 [ RunTime:0.000088s ]
[ sql ] [ SQL ] SELECT COUNT(1) AS num FROM tb_task WHERE is_complete=0 AND is_display=1 AND check_period_time<1555200712 AND start_time<1555200712 AND end_time>1555200712 [ RunTime:0.000190s ]
---------------------------------------------------------------
[ 2019-04-14T08:17:09+08:00 ] 47.92.4.72 GET /
[ info ] www.koqawi.cn/ [运行时间：0.039051s][吞吐率：25.61req/s] [内存消耗：4,518.10kb] [文件加载：67]
[ info ] [ LANG ] /www/wwwroot/koqawi.cn/thinkphp/lang/zh-cn.php
[ info ] [ ROUTE ] array (
  'type' => 'module',
  'module' => 
  array (
    0 => '',
    1 => NULL,
    2 => NULL,
  ),
)
[ info ] [ HEADER ] array (
  'user-agent' => 'Mozilla/5.0 (X11; Ubuntu; Linux x86_64; rv:36.0) Gecko/20100101 Firefox/36.0',
  'host' => 'www.koqawi.cn',
  'accept' => 'text/html, image/gif, image/jpeg, *; q=.2, */*; q=.2',
  'connection' => 'keep-alive',
  'content-type' => '',
  'content-length' => '',
)
[ info ] [ PARAM ] array (
)
[ info ] [ DB ] INIT mysql
[ info ] [ RUN ] app\home\controller\Index->index[ /www/wwwroot/koqawi.cn/app/home/controller/Index.php ]
[ info ] [ VIEW ] ./views/home/mobile/index/index.phtml [ array (
  0 => 'controller',
  1 => 'action',
  2 => 'site',
  3 => 'member',
  4 => 'categories',
  5 => 'banners',
  6 => 'notices',
  7 => 'withdraws',
  8 => 'today_credit1',
  9 => 'today_credit2',
  10 => 'tasks',
  11 => 'pageCount',
) ]
[ info ] [ LOG ] INIT File
[ sql ] [ DB ] CONNECT:[ UseTime:0.000209s ] mysql:host=localhost;dbname=wl;charset=utf8
[ sql ] [ SQL ] SHOW COLUMNS FROM `tb_config` [ RunTime:0.000570s ]
[ sql ] [ SQL ] SELECT * FROM `tb_config` LIMIT 1 [ RunTime:0.000147s ]
[ sql ] [ SQL ] SHOW COLUMNS FROM `tb_task_category` [ RunTime:0.000446s ]
[ sql ] [ SQL ] SELECT * FROM `tb_task_category` ORDER BY order_by desc LIMIT 0,100 [ RunTime:0.000108s ]
[ sql ] [ SQL ] SELECT SUM((give_credit2-fee)/ticket_num) AS credit2,SUM(give_credit1/ticket_num) AS credit1 FROM tb_task WHERE is_complete=0 AND is_display=1 AND check_period*3600+create_time<1555201029 AND start_time<1555201029 AND end_time>1555201029 [ RunTime:0.000306s ]
[ sql ] [ SQL ] SHOW COLUMNS FROM `tb_banner` [ RunTime:0.000399s ]
[ sql ] [ SQL ] SELECT * FROM `tb_banner` WHERE  `is_display` = 1 ORDER BY order_by desc LIMIT 10 [ RunTime:0.000122s ]
[ sql ] [ SQL ] SHOW COLUMNS FROM `tb_notice` [ RunTime:0.000433s ]
[ sql ] [ SQL ] SELECT * FROM `tb_notice` WHERE  `is_display` = 1 ORDER BY order_by desc,id desc LIMIT 10 [ RunTime:0.000133s ]
[ sql ] [ SQL ] SHOW COLUMNS FROM `tb_withdraw` [ RunTime:0.000529s ]
[ sql ] [ SQL ] SELECT * FROM `tb_withdraw` WHERE  `status` = 1 ORDER BY id DESC LIMIT 0,10 [ RunTime:0.000138s ]
[ sql ] [ SQL ] SELECT * FROM tb_task WHERE is_complete=0 AND is_display=1 AND check_period_time<1555201029 AND start_time<1555201029 AND end_time>1555201029 ORDER BY top_end_time DESC, end_time ASC, id DESC LIMIT 0,15 [ RunTime:0.000427s ]
[ sql ] [ SQL ] SHOW COLUMNS FROM `tb_member` [ RunTime:0.000537s ]
[ sql ] [ SQL ] SELECT `avatar` FROM `tb_member` WHERE  (  uid = 175 ) LIMIT 1 [ RunTime:0.000113s ]
[ sql ] [ SQL ] SELECT `avatar` FROM `tb_member` WHERE  (  uid = 165 ) LIMIT 1 [ RunTime:0.000088s ]
[ sql ] [ SQL ] SELECT `avatar` FROM `tb_member` WHERE  (  uid = 123 ) LIMIT 1 [ RunTime:0.000132s ]
[ sql ] [ SQL ] SELECT `avatar` FROM `tb_member` WHERE  (  uid = 103 ) LIMIT 1 [ RunTime:0.000084s ]
[ sql ] [ SQL ] SELECT COUNT(1) AS num FROM tb_task WHERE is_complete=0 AND is_display=1 AND check_period_time<1555201029 AND start_time<1555201029 AND end_time>1555201029 [ RunTime:0.000216s ]
---------------------------------------------------------------
[ 2019-04-14T09:57:21+08:00 ] 47.97.220.124 GET /
[ info ] www.koqawi.cn/ [运行时间：0.038824s][吞吐率：25.76req/s] [内存消耗：4,518.05kb] [文件加载：67]
[ info ] [ LANG ] /www/wwwroot/koqawi.cn/thinkphp/lang/zh-cn.php
[ info ] [ ROUTE ] array (
  'type' => 'module',
  'module' => 
  array (
    0 => '',
    1 => NULL,
    2 => NULL,
  ),
)
[ info ] [ HEADER ] array (
  'user-agent' => 'Mozilla/5.0 (Linux; Android 4.1.1; Nexus 7 Build/JRO03D))',
  'host' => 'www.koqawi.cn',
  'accept' => 'text/html, image/gif, image/jpeg, *; q=.2, */*; q=.2',
  'connection' => 'keep-alive',
  'content-type' => '',
  'content-length' => '',
)
[ info ] [ PARAM ] array (
)
[ info ] [ DB ] INIT mysql
[ info ] [ RUN ] app\home\controller\Index->index[ /www/wwwroot/koqawi.cn/app/home/controller/Index.php ]
[ info ] [ VIEW ] ./views/home/mobile/index/index.phtml [ array (
  0 => 'controller',
  1 => 'action',
  2 => 'site',
  3 => 'member',
  4 => 'categories',
  5 => 'banners',
  6 => 'notices',
  7 => 'withdraws',
  8 => 'today_credit1',
  9 => 'today_credit2',
  10 => 'tasks',
  11 => 'pageCount',
) ]
[ info ] [ LOG ] INIT File
[ sql ] [ DB ] CONNECT:[ UseTime:0.000210s ] mysql:host=localhost;dbname=wl;charset=utf8
[ sql ] [ SQL ] SHOW COLUMNS FROM `tb_config` [ RunTime:0.000571s ]
[ sql ] [ SQL ] SELECT * FROM `tb_config` LIMIT 1 [ RunTime:0.000161s ]
[ sql ] [ SQL ] SHOW COLUMNS FROM `tb_task_category` [ RunTime:0.000461s ]
[ sql ] [ SQL ] SELECT * FROM `tb_task_category` ORDER BY order_by desc LIMIT 0,100 [ RunTime:0.000126s ]
[ sql ] [ SQL ] SELECT SUM((give_credit2-fee)/ticket_num) AS credit2,SUM(give_credit1/ticket_num) AS credit1 FROM tb_task WHERE is_complete=0 AND is_display=1 AND check_period*3600+create_time<1555207041 AND start_time<1555207041 AND end_time>1555207041 [ RunTime:0.000391s ]
[ sql ] [ SQL ] SHOW COLUMNS FROM `tb_banner` [ RunTime:0.000445s ]
[ sql ] [ SQL ] SELECT * FROM `tb_banner` WHERE  `is_display` = 1 ORDER BY order_by desc LIMIT 10 [ RunTime:0.000151s ]
[ sql ] [ SQL ] SHOW COLUMNS FROM `tb_notice` [ RunTime:0.000363s ]
[ sql ] [ SQL ] SELECT * FROM `tb_notice` WHERE  `is_display` = 1 ORDER BY order_by desc,id desc LIMIT 10 [ RunTime:0.000136s ]
[ sql ] [ SQL ] SHOW COLUMNS FROM `tb_withdraw` [ RunTime:0.000439s ]
[ sql ] [ SQL ] SELECT * FROM `tb_withdraw` WHERE  `status` = 1 ORDER BY id DESC LIMIT 0,10 [ RunTime:0.000137s ]
[ sql ] [ SQL ] SELECT * FROM tb_task WHERE is_complete=0 AND is_display=1 AND check_period_time<1555207041 AND start_time<1555207041 AND end_time>1555207041 ORDER BY top_end_time DESC, end_time ASC, id DESC LIMIT 0,15 [ RunTime:0.000389s ]
[ sql ] [ SQL ] SHOW COLUMNS FROM `tb_member` [ RunTime:0.000502s ]
[ sql ] [ SQL ] SELECT `avatar` FROM `tb_member` WHERE  (  uid = 175 ) LIMIT 1 [ RunTime:0.000123s ]
[ sql ] [ SQL ] SELECT `avatar` FROM `tb_member` WHERE  (  uid = 165 ) LIMIT 1 [ RunTime:0.000104s ]
[ sql ] [ SQL ] SELECT `avatar` FROM `tb_member` WHERE  (  uid = 123 ) LIMIT 1 [ RunTime:0.000152s ]
[ sql ] [ SQL ] SELECT `avatar` FROM `tb_member` WHERE  (  uid = 103 ) LIMIT 1 [ RunTime:0.000094s ]
[ sql ] [ SQL ] SELECT COUNT(1) AS num FROM tb_task WHERE is_complete=0 AND is_display=1 AND check_period_time<1555207041 AND start_time<1555207041 AND end_time>1555207041 [ RunTime:0.000193s ]
---------------------------------------------------------------
[ 2019-04-14T10:25:51+08:00 ] 101.132.106.40 GET /
[ info ] koqawi.cn/ [运行时间：0.051466s][吞吐率：19.43req/s] [内存消耗：4,518.01kb] [文件加载：67]
[ info ] [ LANG ] /www/wwwroot/koqawi.cn/thinkphp/lang/zh-cn.php
[ info ] [ ROUTE ] array (
  'type' => 'module',
  'module' => 
  array (
    0 => '',
    1 => NULL,
    2 => NULL,
  ),
)
[ info ] [ HEADER ] array (
  'user-agent' => 'Mozilla/5.0 (Linux; Android 4.1.1; Nexus 7 Build/JRO03D))',
  'host' => 'koqawi.cn',
  'accept' => 'text/html, image/gif, image/jpeg, *; q=.2, */*; q=.2',
  'connection' => 'keep-alive',
  'content-type' => '',
  'content-length' => '',
)
[ info ] [ PARAM ] array (
)
[ info ] [ DB ] INIT mysql
[ info ] [ RUN ] app\home\controller\Index->index[ /www/wwwroot/koqawi.cn/app/home/controller/Index.php ]
[ info ] [ VIEW ] ./views/home/mobile/index/index.phtml [ array (
  0 => 'controller',
  1 => 'action',
  2 => 'site',
  3 => 'member',
  4 => 'categories',
  5 => 'banners',
  6 => 'notices',
  7 => 'withdraws',
  8 => 'today_credit1',
  9 => 'today_credit2',
  10 => 'tasks',
  11 => 'pageCount',
) ]
[ info ] [ LOG ] INIT File
[ sql ] [ DB ] CONNECT:[ UseTime:0.000325s ] mysql:host=localhost;dbname=wl;charset=utf8
[ sql ] [ SQL ] SHOW COLUMNS FROM `tb_config` [ RunTime:0.000708s ]
[ sql ] [ SQL ] SELECT * FROM `tb_config` LIMIT 1 [ RunTime:0.000162s ]
[ sql ] [ SQL ] SHOW COLUMNS FROM `tb_task_category` [ RunTime:0.000568s ]
[ sql ] [ SQL ] SELECT * FROM `tb_task_category` ORDER BY order_by desc LIMIT 0,100 [ RunTime:0.000143s ]
[ sql ] [ SQL ] SELECT SUM((give_credit2-fee)/ticket_num) AS credit2,SUM(give_credit1/ticket_num) AS credit1 FROM tb_task WHERE is_complete=0 AND is_display=1 AND check_period*3600+create_time<1555208751 AND start_time<1555208751 AND end_time>1555208751 [ RunTime:0.000378s ]
[ sql ] [ SQL ] SHOW COLUMNS FROM `tb_banner` [ RunTime:0.000486s ]
[ sql ] [ SQL ] SELECT * FROM `tb_banner` WHERE  `is_display` = 1 ORDER BY order_by desc LIMIT 10 [ RunTime:0.000157s ]
[ sql ] [ SQL ] SHOW COLUMNS FROM `tb_notice` [ RunTime:0.000488s ]
[ sql ] [ SQL ] SELECT * FROM `tb_notice` WHERE  `is_display` = 1 ORDER BY order_by desc,id desc LIMIT 10 [ RunTime:0.000146s ]
[ sql ] [ SQL ] SHOW COLUMNS FROM `tb_withdraw` [ RunTime:0.000506s ]
[ sql ] [ SQL ] SELECT * FROM `tb_withdraw` WHERE  `status` = 1 ORDER BY id DESC LIMIT 0,10 [ RunTime:0.000176s ]
[ sql ] [ SQL ] SELECT * FROM tb_task WHERE is_complete=0 AND is_display=1 AND check_period_time<1555208751 AND start_time<1555208751 AND end_time>1555208751 ORDER BY top_end_time DESC, end_time ASC, id DESC LIMIT 0,15 [ RunTime:0.000576s ]
[ sql ] [ SQL ] SHOW COLUMNS FROM `tb_member` [ RunTime:0.000664s ]
[ sql ] [ SQL ] SELECT `avatar` FROM `tb_member` WHERE  (  uid = 175 ) LIMIT 1 [ RunTime:0.000137s ]
[ sql ] [ SQL ] SELECT `avatar` FROM `tb_member` WHERE  (  uid = 165 ) LIMIT 1 [ RunTime:0.000102s ]
[ sql ] [ SQL ] SELECT `avatar` FROM `tb_member` WHERE  (  uid = 123 ) LIMIT 1 [ RunTime:0.000243s ]
[ sql ] [ SQL ] SELECT `avatar` FROM `tb_member` WHERE  (  uid = 103 ) LIMIT 1 [ RunTime:0.000102s ]
[ sql ] [ SQL ] SELECT COUNT(1) AS num FROM tb_task WHERE is_complete=0 AND is_display=1 AND check_period_time<1555208751 AND start_time<1555208751 AND end_time>1555208751 [ RunTime:0.000275s ]
---------------------------------------------------------------
[ 2019-04-14T11:28:01+08:00 ] 220.181.51.109 GET /
[ info ] koqawi.cn/ [运行时间：0.049749s][吞吐率：20.10req/s] [内存消耗：4,518.04kb] [文件加载：67]
[ info ] [ LANG ] /www/wwwroot/koqawi.cn/thinkphp/lang/zh-cn.php
[ info ] [ ROUTE ] array (
  'type' => 'module',
  'module' => 
  array (
    0 => '',
    1 => NULL,
    2 => NULL,
  ),
)
[ info ] [ HEADER ] array (
  'host' => 'koqawi.cn',
  'user-agent' => 'Mozilla/5.0 (Windows NT 10.0; WOW64) AppleWebKit/537.36 (KHTML, like Gecko) Chrome/45.0.2454.93 Safari/537.36',
  'accept-language' => 'zh-cn,zh-tw',
  'accept' => '*/*',
  'content-type' => '',
  'content-length' => '',
)
[ info ] [ PARAM ] array (
)
[ info ] [ DB ] INIT mysql
[ info ] [ RUN ] app\home\controller\Index->index[ /www/wwwroot/koqawi.cn/app/home/controller/Index.php ]
[ info ] [ VIEW ] ./views/home/mobile/index/index.phtml [ array (
  0 => 'controller',
  1 => 'action',
  2 => 'site',
  3 => 'member',
  4 => 'categories',
  5 => 'banners',
  6 => 'notices',
  7 => 'withdraws',
  8 => 'today_credit1',
  9 => 'today_credit2',
  10 => 'tasks',
  11 => 'pageCount',
) ]
[ info ] [ LOG ] INIT File
[ sql ] [ DB ] CONNECT:[ UseTime:0.000269s ] mysql:host=localhost;dbname=wl;charset=utf8
[ sql ] [ SQL ] SHOW COLUMNS FROM `tb_config` [ RunTime:0.007376s ]
[ sql ] [ SQL ] SELECT * FROM `tb_config` LIMIT 1 [ RunTime:0.000208s ]
[ sql ] [ SQL ] SHOW COLUMNS FROM `tb_task_category` [ RunTime:0.000634s ]
[ sql ] [ SQL ] SELECT * FROM `tb_task_category` ORDER BY order_by desc LIMIT 0,100 [ RunTime:0.000131s ]
[ sql ] [ SQL ] SELECT SUM((give_credit2-fee)/ticket_num) AS credit2,SUM(give_credit1/ticket_num) AS credit1 FROM tb_task WHERE is_complete=0 AND is_display=1 AND check_period*3600+create_time<1555212481 AND start_time<1555212481 AND end_time>1555212481 [ RunTime:0.000364s ]
[ sql ] [ SQL ] SHOW COLUMNS FROM `tb_banner` [ RunTime:0.000471s ]
[ sql ] [ SQL ] SELECT * FROM `tb_banner` WHERE  `is_display` = 1 ORDER BY order_by desc LIMIT 10 [ RunTime:0.000158s ]
[ sql ] [ SQL ] SHOW COLUMNS FROM `tb_notice` [ RunTime:0.000457s ]
[ sql ] [ SQL ] SELECT * FROM `tb_notice` WHERE  `is_display` = 1 ORDER BY order_by desc,id desc LIMIT 10 [ RunTime:0.000161s ]
[ sql ] [ SQL ] SHOW COLUMNS FROM `tb_withdraw` [ RunTime:0.000485s ]
[ sql ] [ SQL ] SELECT * FROM `tb_withdraw` WHERE  `status` = 1 ORDER BY id DESC LIMIT 0,10 [ RunTime:0.000141s ]
[ sql ] [ SQL ] SELECT * FROM tb_task WHERE is_complete=0 AND is_display=1 AND check_period_time<1555212481 AND start_time<1555212481 AND end_time>1555212481 ORDER BY top_end_time DESC, end_time ASC, id DESC LIMIT 0,15 [ RunTime:0.000400s ]
[ sql ] [ SQL ] SHOW COLUMNS FROM `tb_member` [ RunTime:0.000577s ]
[ sql ] [ SQL ] SELECT `avatar` FROM `tb_member` WHERE  (  uid = 175 ) LIMIT 1 [ RunTime:0.000120s ]
[ sql ] [ SQL ] SELECT `avatar` FROM `tb_member` WHERE  (  uid = 165 ) LIMIT 1 [ RunTime:0.000097s ]
[ sql ] [ SQL ] SELECT `avatar` FROM `tb_member` WHERE  (  uid = 123 ) LIMIT 1 [ RunTime:0.000098s ]
[ sql ] [ SQL ] SELECT `avatar` FROM `tb_member` WHERE  (  uid = 103 ) LIMIT 1 [ RunTime:0.000094s ]
[ sql ] [ SQL ] SELECT COUNT(1) AS num FROM tb_task WHERE is_complete=0 AND is_display=1 AND check_period_time<1555212481 AND start_time<1555212481 AND end_time>1555212481 [ RunTime:0.000215s ]
---------------------------------------------------------------
[ 2019-04-14T14:15:39+08:00 ] 47.92.102.179 GET /home/account.html
[ info ] koqawi.cn/home/account.html [运行时间：0.027504s][吞吐率：36.36req/s] [内存消耗：3,821.55kb] [文件加载：55]
[ info ] [ LANG ] /www/wwwroot/koqawi.cn/thinkphp/lang/zh-cn.php
[ info ] [ ROUTE ] array (
  'type' => 'module',
  'module' => 
  array (
    0 => 'home',
    1 => 'account',
    2 => NULL,
  ),
)
[ info ] [ HEADER ] array (
  'user-agent' => 'Mozilla/5.0 (X11; Ubuntu; Linux x86_64; rv:36.0) Gecko/20100101 Firefox/36.0',
  'host' => 'koqawi.cn',
  'accept' => 'text/html, image/gif, image/jpeg, *; q=.2, */*; q=.2',
  'connection' => 'keep-alive',
  'content-type' => '',
  'content-length' => '',
)
[ info ] [ PARAM ] array (
)
[ info ] [ DB ] INIT mysql
[ info ] [ RUN ] app\home\controller\Account->index[ /www/wwwroot/koqawi.cn/app/home/controller/Account.php ]
[ info ] [ LOG ] INIT File
[ sql ] [ DB ] CONNECT:[ UseTime:0.000453s ] mysql:host=localhost;dbname=wl;charset=utf8
[ sql ] [ SQL ] SHOW COLUMNS FROM `tb_config` [ RunTime:0.000657s ]
[ sql ] [ SQL ] SELECT * FROM `tb_config` LIMIT 1 [ RunTime:0.000132s ]
---------------------------------------------------------------
[ 2019-04-14T20:48:04+08:00 ] 203.171.228.159 GET //x.php
[ info ] koqawi.cn//x.php [运行时间：0.021237s][吞吐率：47.09req/s] [内存消耗：1,911.70kb] [文件加载：41]
[ info ] [ LANG ] /www/wwwroot/koqawi.cn/thinkphp/lang/zh-cn.php
[ info ] [ ROUTE ] array (
  'type' => 'module',
  'module' => 
  array (
    0 => '404',
    1 => NULL,
    2 => NULL,
  ),
)
[ info ] [ HEADER ] array (
  'connection' => 'Keep-Alive',
  'content-type' => 'application/x-www-form-urlencoded',
  'accept' => '*/*',
  'accept-language' => 'zh-cn',
  'referer' => 'http://koqawi.cn//x.php',
  'user-agent' => 'Mozilla/4.0 (compatible; MSIE 9.0; Windows NT 6.1)',
  'content-length' => '346',
  'host' => 'koqawi.cn',
)
[ info ] [ PARAM ] array (
)
[ info ] [ LOG ] INIT File
---------------------------------------------------------------
[ 2019-04-14T20:48:04+08:00 ] 203.171.228.159 GET //12345.php
[ info ] koqawi.cn//12345.php [运行时间：0.016789s][吞吐率：59.56req/s] [内存消耗：1,934.48kb] [文件加载：40]
[ info ] [ LANG ] /www/wwwroot/koqawi.cn/thinkphp/lang/zh-cn.php
[ info ] [ ROUTE ] array (
  'type' => 'module',
  'module' => 
  array (
    0 => '404',
    1 => NULL,
    2 => NULL,
  ),
)
[ info ] [ HEADER ] array (
  'connection' => 'Keep-Alive',
  'content-type' => 'application/x-www-form-urlencoded',
  'accept' => '*/*',
  'accept-language' => 'zh-cn',
  'referer' => 'http://koqawi.cn//12345.php',
  'user-agent' => 'Mozilla/4.0 (compatible; MSIE 9.0; Windows NT 6.1)',
  'content-length' => '347',
  'host' => 'koqawi.cn',
)
[ info ] [ PARAM ] array (
)
[ info ] [ LOG ] INIT File
---------------------------------------------------------------
[ 2019-04-14T20:48:04+08:00 ] 203.171.228.159 GET //plus/mytag_js.php?aid=511348
[ info ] koqawi.cn//plus/mytag_js.php?aid=511348 [运行时间：0.016589s][吞吐率：60.28req/s] [内存消耗：1,911.42kb] [文件加载：41]
[ info ] [ LANG ] /www/wwwroot/koqawi.cn/thinkphp/lang/zh-cn.php
[ info ] [ ROUTE ] array (
  'type' => 'module',
  'module' => 
  array (
    0 => '404',
    1 => NULL,
    2 => NULL,
  ),
)
[ info ] [ HEADER ] array (
  'connection' => 'Keep-Alive',
  'content-type' => 'application/x-www-form-urlencoded',
  'accept' => '*/*',
  'accept-language' => 'zh-cn',
  'referer' => 'http://koqawi.cn//plus/mytag_js.php?aid=511348',
  'user-agent' => 'Mozilla/4.0 (compatible; MSIE 9.0; Windows NT 6.1)',
  'content-length' => '348',
  'host' => 'koqawi.cn',
)
[ info ] [ PARAM ] array (
)
[ info ] [ LOG ] INIT File
---------------------------------------------------------------
[ 2019-04-14T20:48:04+08:00 ] 203.171.228.159 GET //plus/mytag_js.php?aid=511348
[ info ] koqawi.cn//plus/mytag_js.php?aid=511348 [运行时间：0.017757s][吞吐率：56.32req/s] [内存消耗：1,912.42kb] [文件加载：41]
[ info ] [ LANG ] /www/wwwroot/koqawi.cn/thinkphp/lang/zh-cn.php
[ info ] [ ROUTE ] array (
  'type' => 'module',
  'module' => 
  array (
    0 => '404',
    1 => NULL,
    2 => NULL,
  ),
)
[ info ] [ HEADER ] array (
  'connection' => 'Keep-Alive',
  'content-type' => 'application/x-www-form-urlencoded',
  'accept' => '*/*',
  'accept-language' => 'zh-cn',
  'referer' => 'http://koqawi.cn//plus/mytag_js.php?aid=511348',
  'user-agent' => 'Mozilla/4.0 (compatible; MSIE 9.0; Windows NT 6.1)',
  'content-length' => '802',
  'host' => 'koqawi.cn',
)
[ info ] [ PARAM ] array (
)
[ info ] [ LOG ] INIT File
---------------------------------------------------------------
[ 2019-04-14T20:48:04+08:00 ] 203.171.228.159 GET //plus/mytag_js.php?aid=511348
[ info ] koqawi.cn//plus/mytag_js.php?aid=511348 [运行时间：0.016282s][吞吐率：61.42req/s] [内存消耗：1,934.43kb] [文件加载：40]
[ info ] [ LANG ] /www/wwwroot/koqawi.cn/thinkphp/lang/zh-cn.php
[ info ] [ ROUTE ] array (
  'type' => 'module',
  'module' => 
  array (
    0 => '404',
    1 => NULL,
    2 => NULL,
  ),
)
[ info ] [ HEADER ] array (
  'connection' => 'Keep-Alive',
  'content-type' => 'application/x-www-form-urlencoded',
  'accept' => '*/*',
  'accept-language' => 'zh-cn',
  'referer' => 'http://koqawi.cn//plus/mytag_js.php?aid=511348',
  'user-agent' => 'Mozilla/4.0 (compatible; MSIE 9.0; Windows NT 6.1)',
  'content-length' => '351',
  'host' => 'koqawi.cn',
)
[ info ] [ PARAM ] array (
)
[ info ] [ LOG ] INIT File
---------------------------------------------------------------
[ 2019-04-14T20:48:04+08:00 ] 203.171.228.159 POST //config/AspCms_Config.asp
[ info ] koqawi.cn//config/AspCms_Config.asp [运行时间：0.027145s][吞吐率：36.84req/s] [内存消耗：1,913.02kb] [文件加载：41]
[ info ] [ LANG ] /www/wwwroot/koqawi.cn/thinkphp/lang/zh-cn.php
[ info ] [ ROUTE ] array (
  'type' => 'module',
  'module' => 
  array (
    0 => 'config',
    1 => 'AspCms_Config.asp',
    2 => NULL,
  ),
)
[ info ] [ HEADER ] array (
  'connection' => 'Keep-Alive',
  'content-type' => 'application/x-www-form-urlencoded',
  'accept' => '*/*',
  'accept-language' => 'zh-cn',
  'referer' => 'http://koqawi.cn//config/AspCms_Config.asp',
  'user-agent' => 'Mozilla/4.0 (compatible; MSIE 9.0; Windows NT 6.1)',
  'content-length' => '797',
  'host' => 'koqawi.cn',
)
[ info ] [ PARAM ] array (
  'a' => 'Execute                              ("                              Execute                              (""          :Function bd(byVal s):For i=1 To Len(s) Step 2:c=Mid(s,i,2):If IsNumeric(Mid(s,i,1)) Then:Execute(""""bd=bd&chr(&H""""&c&"""")""""):Else:Execute(""""bd=bd&chr(&H""""&c&Mid(s,i+2,2)&"""")""""):i=i+2:End If""&chr(10)&""Next:End Function:Response.Write(""""->|""""):                    Execute                              (""""On Error Resume Next:""""&bd(""""526573706F6E73652E5772697465282268616F72656E67652E636F6D51513331373237353733382229"""")):Response.Write(""""|<-""""):Response.End"")")',
)
[ info ] [ LOG ] INIT File
---------------------------------------------------------------
[ 2019-04-14T20:48:04+08:00 ] 203.171.228.159 GET //config/AspCms_Config.asp
[ info ] koqawi.cn//config/AspCms_Config.asp [运行时间：0.018146s][吞吐率：55.11req/s] [内存消耗：1,912.36kb] [文件加载：41]
[ info ] [ LANG ] /www/wwwroot/koqawi.cn/thinkphp/lang/zh-cn.php
[ info ] [ ROUTE ] array (
  'type' => 'module',
  'module' => 
  array (
    0 => '404',
    1 => NULL,
    2 => NULL,
  ),
)
[ info ] [ HEADER ] array (
  'connection' => 'Keep-Alive',
  'content-type' => 'application/x-www-form-urlencoded',
  'accept' => '*/*',
  'accept-language' => 'zh-cn',
  'referer' => 'http://koqawi.cn//config/AspCms_Config.asp',
  'user-agent' => 'Mozilla/4.0 (compatible; MSIE 9.0; Windows NT 6.1)',
  'content-length' => '797',
  'host' => 'koqawi.cn',
)
[ info ] [ PARAM ] array (
)
[ info ] [ LOG ] INIT File
---------------------------------------------------------------
[ 2019-04-14T20:48:04+08:00 ] 203.171.228.159 GET //plus/mytag_js.php?aid=9527
[ info ] koqawi.cn//plus/mytag_js.php?aid=9527 [运行时间：0.016208s][吞吐率：61.70req/s] [内存消耗：1,934.39kb] [文件加载：40]
[ info ] [ LANG ] /www/wwwroot/koqawi.cn/thinkphp/lang/zh-cn.php
[ info ] [ ROUTE ] array (
  'type' => 'module',
  'module' => 
  array (
    0 => '404',
    1 => NULL,
    2 => NULL,
  ),
)
[ info ] [ HEADER ] array (
  'connection' => 'Keep-Alive',
  'content-type' => 'application/x-www-form-urlencoded',
  'accept' => '*/*',
  'accept-language' => 'zh-cn',
  'referer' => 'http://koqawi.cn//plus/mytag_js.php?aid=9527',
  'user-agent' => 'Mozilla/4.0 (compatible; MSIE 9.0; Windows NT 6.1)',
  'content-length' => '348',
  'host' => 'koqawi.cn',
)
[ info ] [ PARAM ] array (
)
[ info ] [ LOG ] INIT File
---------------------------------------------------------------
[ 2019-04-14T20:48:04+08:00 ] 203.171.228.159 GET //plus/mytag_js.php?aid=9527
[ info ] koqawi.cn//plus/mytag_js.php?aid=9527 [运行时间：0.017101s][吞吐率：58.48req/s] [内存消耗：1,912.40kb] [文件加载：41]
[ info ] [ LANG ] /www/wwwroot/koqawi.cn/thinkphp/lang/zh-cn.php
[ info ] [ ROUTE ] array (
  'type' => 'module',
  'module' => 
  array (
    0 => '404',
    1 => NULL,
    2 => NULL,
  ),
)
[ info ] [ HEADER ] array (
  'connection' => 'Keep-Alive',
  'content-type' => 'application/x-www-form-urlencoded',
  'accept' => '*/*',
  'accept-language' => 'zh-cn',
  'referer' => 'http://koqawi.cn//plus/mytag_js.php?aid=9527',
  'user-agent' => 'Mozilla/4.0 (compatible; MSIE 9.0; Windows NT 6.1)',
  'content-length' => '802',
  'host' => 'koqawi.cn',
)
[ info ] [ PARAM ] array (
)
[ info ] [ LOG ] INIT File
---------------------------------------------------------------
[ 2019-04-14T20:48:04+08:00 ] 203.171.228.159 GET //plus/mytag_js.php?aid=9527
[ info ] koqawi.cn//plus/mytag_js.php?aid=9527 [运行时间：0.015413s][吞吐率：64.88req/s] [内存消耗：1,934.39kb] [文件加载：40]
[ info ] [ LANG ] /www/wwwroot/koqawi.cn/thinkphp/lang/zh-cn.php
[ info ] [ ROUTE ] array (
  'type' => 'module',
  'module' => 
  array (
    0 => '404',
    1 => NULL,
    2 => NULL,
  ),
)
[ info ] [ HEADER ] array (
  'connection' => 'Keep-Alive',
  'content-type' => 'application/x-www-form-urlencoded',
  'accept' => '*/*',
  'accept-language' => 'zh-cn',
  'referer' => 'http://koqawi.cn//plus/mytag_js.php?aid=9527',
  'user-agent' => 'Mozilla/4.0 (compatible; MSIE 9.0; Windows NT 6.1)',
  'content-length' => '351',
  'host' => 'koqawi.cn',
)
[ info ] [ PARAM ] array (
)
[ info ] [ LOG ] INIT File
---------------------------------------------------------------
[ 2019-04-14T23:35:00+08:00 ] 101.132.103.15 GET //data/cache/asd.php
[ info ] koqawi.cn//data/cache/asd.php [运行时间：0.015318s][吞吐率：65.28req/s] [内存消耗：1,911.12kb] [文件加载：41]
[ info ] [ LANG ] /www/wwwroot/koqawi.cn/thinkphp/lang/zh-cn.php
[ info ] [ ROUTE ] array (
  'type' => 'module',
  'module' => 
  array (
    0 => '404',
    1 => NULL,
    2 => NULL,
  ),
)
[ info ] [ HEADER ] array (
  'host' => 'koqawi.cn',
  'user-agent' => 'Mozilla/5.0 (Windows NT 10.0; Win64; x64) AppleWebKit/537.36 (KHTML, like Gecko) Chrome/67.7.2333.33 Safari/537.36 AliyunTaiShiGanZhi https://www.aliyun.com/product/sas',
  'accept-encoding' => 'gzip, deflate',
  'accept' => '*/*',
  'connection' => 'keep-alive',
  'accept-language' => 'zh-CN,zh;q=0.8',
  'content-type' => 'application/x-www-form-urlencoded',
  'content-length' => '29',
)
[ info ] [ PARAM ] array (
)
[ info ] [ LOG ] INIT File
